# JRE version: OpenJDK Runtime Environment Corretto-21.0.4.7.1 (21.0.4+7) (build 21.0.4+7-LTS)
# Java VM: OpenJDK 64-Bit Server VM Corretto-21.0.4.7.1 (21.0.4+7-LTS, mixed mode, sharing, tiered, compressed oops, compressed class ptrs, g1 gc, windows-amd64)
GC Precious Log:
 CardTable entry size: 512
 Card Set container configuration: InlinePtr #cards 5 size 8 Array Of Cards #cards 12 size 40 Howl #buckets 4 coarsen threshold 1843 Howl Bitmap #cards 512 size 80 coarsen threshold 460 Card regions per heap region 1 cards per card region 2048
 CPUs: 12 total, 12 available
 Memory: 16335M
 Large Page Support: Disabled
 NUMA Support: Disabled
 Compressed Oops: Enabled (32-bit)
 Heap Region Size: 1M
 Heap Min Capacity: 256M
 Heap Initial Capacity: 256M
 Heap Max Capacity: 512M
 Pre-touch: Disabled
 Parallel Workers: 10
 Concurrent Workers: 3
 Concurrent Refinement Workers: 10
 Periodic GC: Disabled
Heap:
 garbage-first heap   total 262144K, used 114492K [0x00000000e0000000, 0x0000000100000000)
  region size 1024K, 65 young (66560K), 19 survivors (19456K)
 Metaspace       used 76307K, committed 78528K, reserved 458752K
  class space    used 11043K, committed 12160K, reserved 327680K
GC Heap History (20 events):
Event: 0.904 GC heap before
{Heap before GC invocations=1 (full 0):
 garbage-first heap   total 262144K, used 40709K [0x00000000e0000000, 0x0000000100000000)
  region size 1024K, 35 young (35840K), 3 survivors (3072K)
 Metaspace       used 4380K, committed 4608K, reserved 393216K
  class space    used 539K, committed 640K, reserved 327680K
}
Event: 0.906 GC heap after
{Heap after GC invocations=2 (full 0):
 garbage-first heap   total 262144K, used 12348K [0x00000000e0000000, 0x0000000100000000)
  region size 1024K, 4 young (4096K), 4 survivors (4096K)
 Metaspace       used 4380K, committed 4608K, reserved 393216K
  class space    used 539K, committed 640K, reserved 327680K
}
Event: 1.595 GC heap before
{Heap before GC invocations=2 (full 0):
 garbage-first heap   total 262144K, used 68668K [0x00000000e0000000, 0x0000000100000000)
  region size 1024K, 58 young (59392K), 4 survivors (4096K)
 Metaspace       used 8278K, committed 8512K, reserved 393216K
  class space    used 1110K, committed 1216K, reserved 327680K
}
Event: 1.600 GC heap after
{Heap after GC invocations=3 (full 0):
 garbage-first heap   total 262144K, used 19452K [0x00000000e0000000, 0x0000000100000000)
  region size 1024K, 8 young (8192K), 8 survivors (8192K)
 Metaspace       used 8278K, committed 8512K, reserved 393216K
  class space    used 1110K, committed 1216K, reserved 327680K
}
Event: 2.714 GC heap before
{Heap before GC invocations=3 (full 0):
 garbage-first heap   total 262144K, used 95228K [0x00000000e0000000, 0x0000000100000000)
  region size 1024K, 83 young (84992K), 8 survivors (8192K)
 Metaspace       used 20877K, committed 21504K, reserved 393216K
  class space    used 3024K, committed 3328K, reserved 327680K
}
Event: 2.723 GC heap after
{Heap after GC invocations=4 (full 0):
 garbage-first heap   total 262144K, used 25026K [0x00000000e0000000, 0x0000000100000000)
  region size 1024K, 14 young (14336K), 14 survivors (14336K)
 Metaspace       used 20877K, committed 21504K, reserved 393216K
  class space    used 3024K, committed 3328K, reserved 327680K
}
Event: 3.850 GC heap before
{Heap before GC invocations=5 (full 0):
 garbage-first heap   total 262144K, used 115138K [0x00000000e0000000, 0x0000000100000000)
  region size 1024K, 104 young (106496K), 14 survivors (14336K)
 Metaspace       used 34710K, committed 35968K, reserved 393216K
  class space    used 5090K, committed 5696K, reserved 327680K
}
Event: 3.862 GC heap after
{Heap after GC invocations=6 (full 0):
 garbage-first heap   total 262144K, used 31953K [0x00000000e0000000, 0x0000000100000000)
  region size 1024K, 12 young (12288K), 12 survivors (12288K)
 Metaspace       used 34710K, committed 35968K, reserved 393216K
  class space    used 5090K, committed 5696K, reserved 327680K
}
Event: 3.884 GC heap before
{Heap before GC invocations=6 (full 0):
 garbage-first heap   total 262144K, used 34001K [0x00000000e0000000, 0x0000000100000000)
  region size 1024K, 15 young (15360K), 12 survivors (12288K)
 Metaspace       used 34973K, committed 36288K, reserved 393216K
  class space    used 5120K, committed 5760K, reserved 327680K
}
Event: 3.891 GC heap after
{Heap after GC invocations=7 (full 0):
 garbage-first heap   total 262144K, used 32195K [0x00000000e0000000, 0x0000000100000000)
  region size 1024K, 8 young (8192K), 8 survivors (8192K)
 Metaspace       used 34973K, committed 36288K, reserved 393216K
  class space    used 5120K, committed 5760K, reserved 327680K
}
Event: 3.908 GC heap before
{Heap before GC invocations=7 (full 0):
 garbage-first heap   total 262144K, used 33219K [0x00000000e0000000, 0x0000000100000000)
  region size 1024K, 11 young (11264K), 8 survivors (8192K)
 Metaspace       used 35293K, committed 36608K, reserved 393216K
  class space    used 5169K, committed 5824K, reserved 327680K
}
Event: 3.912 GC heap after
{Heap after GC invocations=8 (full 0):
 garbage-first heap   total 262144K, used 32582K [0x00000000e0000000, 0x0000000100000000)
  region size 1024K, 8 young (8192K), 8 survivors (8192K)
 Metaspace       used 35293K, committed 36608K, reserved 393216K
  class space    used 5169K, committed 5824K, reserved 327680K
}
Event: 5.393 GC heap before
{Heap before GC invocations=9 (full 0):
 garbage-first heap   total 262144K, used 187206K [0x00000000e0000000, 0x0000000100000000)
  region size 1024K, 153 young (156672K), 8 survivors (8192K)
 Metaspace       used 49147K, committed 50880K, reserved 393216K
  class space    used 7073K, committed 7936K, reserved 327680K
}
Event: 5.403 GC heap after
{Heap after GC invocations=10 (full 0):
 garbage-first heap   total 262144K, used 42692K [0x00000000e0000000, 0x0000000100000000)
  region size 1024K, 18 young (18432K), 18 survivors (18432K)
 Metaspace       used 49147K, committed 50880K, reserved 393216K
  class space    used 7073K, committed 7936K, reserved 327680K
}
Event: 6.470 GC heap before
{Heap before GC invocations=10 (full 0):
 garbage-first heap   total 262144K, used 160452K [0x00000000e0000000, 0x0000000100000000)
  region size 1024K, 127 young (130048K), 18 survivors (18432K)
 Metaspace       used 59657K, committed 61440K, reserved 393216K
  class space    used 8459K, committed 9344K, reserved 327680K
}
Event: 6.480 GC heap after
{Heap after GC invocations=11 (full 0):
 garbage-first heap   total 262144K, used 55988K [0x00000000e0000000, 0x0000000100000000)
  region size 1024K, 18 young (18432K), 18 survivors (18432K)
 Metaspace       used 59657K, committed 61440K, reserved 393216K
  class space    used 8459K, committed 9344K, reserved 327680K
}
Event: 6.508 GC heap before
{Heap before GC invocations=11 (full 0):
 garbage-first heap   total 262144K, used 59060K [0x00000000e0000000, 0x0000000100000000)
  region size 1024K, 22 young (22528K), 18 survivors (18432K)
 Metaspace       used 59934K, committed 61760K, reserved 393216K
  class space    used 8505K, committed 9408K, reserved 327680K
}
Event: 6.515 GC heap after
{Heap after GC invocations=12 (full 0):
 garbage-first heap   total 262144K, used 56414K [0x00000000e0000000, 0x0000000100000000)
  region size 1024K, 9 young (9216K), 9 survivors (9216K)
 Metaspace       used 59934K, committed 61760K, reserved 393216K
  class space    used 8505K, committed 9408K, reserved 327680K
}
Event: 8.085 GC heap before
{Heap before GC invocations=13 (full 0):
 garbage-first heap   total 262144K, used 206942K [0x00000000e0000000, 0x0000000100000000)
  region size 1024K, 153 young (156672K), 9 survivors (9216K)
 Metaspace       used 71216K, committed 73280K, reserved 393216K
  class space    used 10335K, committed 11328K, reserved 327680K
}
Event: 8.096 GC heap after
{Heap after GC invocations=14 (full 0):
 garbage-first heap   total 262144K, used 69436K [0x00000000e0000000, 0x0000000100000000)
  region size 1024K, 19 young (19456K), 19 survivors (19456K)
 Metaspace       used 71216K, committed 73280K, reserved 393216K
  class space    used 10335K, committed 11328K, reserved 327680K
}

